16:18:31 607[main] INFO  api.test.UserTests -  ********** Starting of User Creation 
16:18:34 888[main] INFO  api.test.UserTests -  User Creation completed
16:18:34 906[main] INFO  api.test.UserTests -  Getting user details by User Name
16:18:36 076[main] INFO  api.test.UserTests -  Getting user details by User Name completed
16:18:36 082[main] INFO  api.test.UserTests -  Updating user details by User Name
16:18:38 313[main] INFO  api.test.UserTests -  user is updated
16:18:38 316[main] INFO  api.test.UserTests -  Deleting user details by User Name
16:18:40 576[main] INFO  api.test.UserTests -  User is deleted
16:52:39 080[main] INFO  api.test.UserTests -  ********** Starting of User Creation 
16:52:42 252[main] INFO  api.test.UserTests -  User Creation completed
16:52:42 280[main] INFO  api.test.UserTests -  Getting user details by User Name
16:52:43 476[main] INFO  api.test.UserTests -  Getting user details by User Name completed
16:52:43 481[main] INFO  api.test.UserTests -  Updating user details by User Name
16:52:45 787[main] INFO  api.test.UserTests -  user is updated
16:52:45 792[main] INFO  api.test.UserTests -  Deleting user details by User Name
16:52:48 109[main] INFO  api.test.UserTests -  User is deleted
17:27:00 842[main] INFO  api.test.UserTests -  ********** Starting of User Creation 
17:27:04 002[main] INFO  api.test.UserTests -  User Creation completed
17:27:04 017[main] INFO  api.test.UserTests -  Getting user details by User Name
17:27:05 185[main] INFO  api.test.UserTests -  Getting user details by User Name completed
17:27:05 189[main] INFO  api.test.UserTests -  Updating user details by User Name
17:27:07 508[main] INFO  api.test.UserTests -  user is updated
17:27:07 514[main] INFO  api.test.UserTests -  Deleting user details by User Name
17:27:09 744[main] INFO  api.test.UserTests -  User is deleted
17:44:42 185[main] INFO  api.test.UserTests2 -  ********** Starting of User Creation 
17:44:42 207[main] INFO  api.test.UserTests2 -  Getting user details by User Name
17:44:42 222[main] INFO  api.test.UserTests2 -  Updating user details by User Name
17:44:42 226[main] INFO  api.test.UserTests2 -  Deleting user details by User Name
17:46:27 323[main] INFO  api.test.UserTests2 -  ********** Starting of User Creation 
17:46:27 348[main] INFO  api.test.UserTests2 -  Getting user details by User Name
17:46:27 366[main] INFO  api.test.UserTests2 -  Updating user details by User Name
17:46:27 378[main] INFO  api.test.UserTests2 -  Deleting user details by User Name
17:47:52 502[main] INFO  api.test.UserTests2 -  ********** Starting of User Creation 
17:47:56 020[main] INFO  api.test.UserTests2 -  User Creation completed
17:47:56 029[main] INFO  api.test.UserTests2 -  Getting user details by User Name
17:47:57 246[main] INFO  api.test.UserTests2 -  Getting user details by User Name completed
17:47:57 251[main] INFO  api.test.UserTests2 -  Updating user details by User Name
17:47:59 682[main] INFO  api.test.UserTests2 -  user is updated
17:47:59 689[main] INFO  api.test.UserTests2 -  Deleting user details by User Name
17:48:02 186[main] INFO  api.test.UserTests2 -  User is deleted
17:56:39 779[main] INFO  api.test.UserTests2 -  ********** Starting of User Creation 
17:56:42 780[main] INFO  api.test.UserTests2 -  User Creation completed
17:56:42 790[main] INFO  api.test.UserTests2 -  Getting user details by User Name
17:56:43 924[main] INFO  api.test.UserTests2 -  Getting user details by User Name completed
17:56:43 927[main] INFO  api.test.UserTests2 -  Updating user details by User Name
17:56:46 207[main] INFO  api.test.UserTests2 -  user is updated
17:56:46 211[main] INFO  api.test.UserTests2 -  Deleting user details by User Name
17:56:48 410[main] INFO  api.test.UserTests2 -  User is deleted
18:00:09 515[main] INFO  api.test.UserTests2 -  ********** Starting of User Creation 
18:00:12 744[main] INFO  api.test.UserTests2 -  User Creation completed
18:00:12 750[main] INFO  api.test.UserTests2 -  Getting user details by User Name
18:00:13 886[main] INFO  api.test.UserTests2 -  Getting user details by User Name completed
18:00:13 889[main] INFO  api.test.UserTests2 -  Updating user details by User Name
18:00:16 187[main] INFO  api.test.UserTests2 -  user is updated
18:00:16 190[main] INFO  api.test.UserTests2 -  Deleting user details by User Name
18:00:18 515[main] INFO  api.test.UserTests2 -  User is deleted
18:02:32 180[main] INFO  api.test.UserTests2 -  ********** Starting of User Creation 
18:02:35 010[main] INFO  api.test.UserTests2 -  User Creation completed
18:02:35 017[main] INFO  api.test.UserTests2 -  Getting user details by User Name
18:02:36 140[main] INFO  api.test.UserTests2 -  Getting user details by User Name completed
18:02:36 146[main] INFO  api.test.UserTests2 -  Updating user details by User Name
18:02:38 356[main] INFO  api.test.UserTests2 -  user is updated
18:02:38 361[main] INFO  api.test.UserTests2 -  Deleting user details by User Name
18:02:40 593[main] INFO  api.test.UserTests2 -  User is deleted
18:10:43 439[main] INFO  api.test.UserTests2 -  ********** Starting of User Creation 
18:10:46 428[main] INFO  api.test.UserTests2 -  User Creation completed
18:10:46 441[main] INFO  api.test.UserTests2 -  Getting user details by User Name
18:10:47 604[main] INFO  api.test.UserTests2 -  Getting user details by User Name completed
18:10:47 607[main] INFO  api.test.UserTests2 -  Updating user details by User Name
18:10:49 899[main] INFO  api.test.UserTests2 -  user is updated
18:10:49 905[main] INFO  api.test.UserTests2 -  Deleting user details by User Name
18:10:52 192[main] INFO  api.test.UserTests2 -  User is deleted
18:13:20 727[main] INFO  api.test.UserTests2 -  ********** Starting of User Creation 
18:13:24 097[main] INFO  api.test.UserTests2 -  User Creation completed
18:13:24 118[main] INFO  api.test.UserTests2 -  Getting user details by User Name
18:13:25 307[main] INFO  api.test.UserTests2 -  Getting user details by User Name completed
18:13:25 312[main] INFO  api.test.UserTests2 -  Updating user details by User Name
18:13:27 524[main] INFO  api.test.UserTests2 -  user is updated
18:13:27 530[main] INFO  api.test.UserTests2 -  Deleting user details by User Name
18:13:29 789[main] INFO  api.test.UserTests2 -  User is deleted
18:47:27 162[main] INFO  api.test.UserTests2 -  ********** Starting of User Creation 
18:47:30 194[main] INFO  api.test.UserTests2 -  User Creation completed
18:47:30 208[main] INFO  api.test.UserTests2 -  Getting user details by User Name
18:47:31 330[main] INFO  api.test.UserTests2 -  Getting user details by User Name completed
18:47:31 332[main] INFO  api.test.UserTests2 -  Updating user details by User Name
18:47:33 595[main] INFO  api.test.UserTests2 -  user is updated
18:47:33 596[main] INFO  api.test.UserTests2 -  Deleting user details by User Name
18:47:35 942[main] INFO  api.test.UserTests2 -  User is deleted
19:04:34 262[main] INFO  api.test.UserTests2 -  ********** Starting of User Creation 
19:04:38 680[main] INFO  api.test.UserTests2 -  User Creation completed
19:04:38 690[main] INFO  api.test.UserTests2 -  Getting user details by User Name
19:04:39 937[main] INFO  api.test.UserTests2 -  Getting user details by User Name completed
19:04:39 954[main] INFO  api.test.UserTests2 -  Updating user details by User Name
19:04:42 304[main] INFO  api.test.UserTests2 -  user is updated
19:04:42 306[main] INFO  api.test.UserTests2 -  Deleting user details by User Name
19:04:44 650[main] INFO  api.test.UserTests2 -  User is deleted
10:37:13 069[main] INFO  api.test.UserTests2 -  ********** Starting of User Creation 
10:37:16 028[main] INFO  api.test.UserTests2 -  User Creation completed
10:37:16 039[main] INFO  api.test.UserTests2 -  Getting user details by User Name
10:37:17 134[main] INFO  api.test.UserTests2 -  Getting user details by User Name completed
10:37:17 139[main] INFO  api.test.UserTests2 -  Updating user details by User Name
10:37:19 449[main] INFO  api.test.UserTests2 -  user is updated
10:37:19 454[main] INFO  api.test.UserTests2 -  Deleting user details by User Name
10:37:21 587[main] INFO  api.test.UserTests2 -  User is deleted
10:38:06 845[main] INFO  api.test.UserTests2 -  ********** Starting of User Creation 
10:38:09 663[main] INFO  api.test.UserTests2 -  User Creation completed
10:38:09 673[main] INFO  api.test.UserTests2 -  Getting user details by User Name
10:38:10 772[main] INFO  api.test.UserTests2 -  Getting user details by User Name completed
10:38:10 775[main] INFO  api.test.UserTests2 -  Updating user details by User Name
10:38:13 073[main] INFO  api.test.UserTests2 -  user is updated
10:38:13 076[main] INFO  api.test.UserTests2 -  Deleting user details by User Name
10:38:15 381[main] INFO  api.test.UserTests2 -  User is deleted
10:46:57 160[main] INFO  api.test.UserTests2 -  ********** Starting of User Creation 
10:47:00 394[main] INFO  api.test.UserTests2 -  User Creation completed
10:47:00 404[main] INFO  api.test.UserTests2 -  Getting user details by User Name
10:47:01 540[main] INFO  api.test.UserTests2 -  Getting user details by User Name completed
10:47:01 544[main] INFO  api.test.UserTests2 -  Updating user details by User Name
10:47:03 664[main] INFO  api.test.UserTests2 -  user is updated
10:47:03 666[main] INFO  api.test.UserTests2 -  Deleting user details by User Name
10:47:05 956[main] INFO  api.test.UserTests2 -  User is deleted
11:19:18 275[main] INFO  api.test.UserTests2 -  ********** Starting of User Creation 
11:19:22 108[main] INFO  api.test.UserTests2 -  User Creation completed
11:19:22 120[main] INFO  api.test.UserTests2 -  Getting user details by User Name
11:19:23 310[main] INFO  api.test.UserTests2 -  Getting user details by User Name completed
11:19:23 315[main] INFO  api.test.UserTests2 -  Updating user details by User Name
11:19:25 507[main] INFO  api.test.UserTests2 -  user is updated
11:19:25 513[main] INFO  api.test.UserTests2 -  Deleting user details by User Name
11:19:27 699[main] INFO  api.test.UserTests2 -  User is deleted
11:20:36 010[main] INFO  api.test.UserTests2 -  ********** Starting of User Creation 
11:20:38 829[main] INFO  api.test.UserTests2 -  User Creation completed
11:20:38 837[main] INFO  api.test.UserTests2 -  Getting user details by User Name
11:20:39 937[main] INFO  api.test.UserTests2 -  Getting user details by User Name completed
11:20:39 940[main] INFO  api.test.UserTests2 -  Updating user details by User Name
11:20:42 158[main] INFO  api.test.UserTests2 -  user is updated
11:20:42 160[main] INFO  api.test.UserTests2 -  Deleting user details by User Name
11:20:44 417[main] INFO  api.test.UserTests2 -  User is deleted
11:22:11 289[main] INFO  api.test.UserTests2 -  ********** Starting of User Creation 
11:22:13 934[main] INFO  api.test.UserTests2 -  User Creation completed
11:22:13 945[main] INFO  api.test.UserTests2 -  Getting user details by User Name
11:22:15 127[main] INFO  api.test.UserTests2 -  Getting user details by User Name completed
11:22:15 129[main] INFO  api.test.UserTests2 -  Updating user details by User Name
11:22:17 357[main] INFO  api.test.UserTests2 -  user is updated
11:22:17 359[main] INFO  api.test.UserTests2 -  Deleting user details by User Name
11:22:19 628[main] INFO  api.test.UserTests2 -  User is deleted
13:52:13 327[main] INFO  api.test.UserTests2 -  ********** Starting of User Creation 
13:52:17 092[main] INFO  api.test.UserTests2 -  User Creation completed
13:52:17 105[main] INFO  api.test.UserTests2 -  Getting user details by User Name
13:52:18 611[main] INFO  api.test.UserTests2 -  Getting user details by User Name completed
13:52:18 614[main] INFO  api.test.UserTests2 -  Updating user details by User Name
13:52:21 466[main] INFO  api.test.UserTests2 -  user is updated
13:52:21 469[main] INFO  api.test.UserTests2 -  Deleting user details by User Name
13:52:24 224[main] INFO  api.test.UserTests2 -  User is deleted
13:53:59 384[main] INFO  api.test.UserTests2 -  ********** Starting of User Creation 
13:54:03 117[main] INFO  api.test.UserTests2 -  User Creation completed
13:54:03 130[main] INFO  api.test.UserTests2 -  Getting user details by User Name
13:54:04 605[main] INFO  api.test.UserTests2 -  Getting user details by User Name completed
13:54:04 607[main] INFO  api.test.UserTests2 -  Updating user details by User Name
13:54:07 748[main] INFO  api.test.UserTests2 -  user is updated
13:54:07 749[main] INFO  api.test.UserTests2 -  Deleting user details by User Name
13:54:10 674[main] INFO  api.test.UserTests2 -  User is deleted
14:01:20 682[main] INFO  api.test.UserTests2 -  ********** Starting of User Creation 
14:01:24 440[main] INFO  api.test.UserTests2 -  User Creation completed
14:01:24 453[main] INFO  api.test.UserTests2 -  Getting user details by User Name
14:01:26 311[main] INFO  api.test.UserTests2 -  Getting user details by User Name completed
14:01:26 312[main] INFO  api.test.UserTests2 -  Updating user details by User Name
14:01:29 241[main] INFO  api.test.UserTests2 -  user is updated
14:01:29 243[main] INFO  api.test.UserTests2 -  Deleting user details by User Name
14:01:32 432[main] INFO  api.test.UserTests2 -  User is deleted
17:43:42 491[main] INFO  api.test.UserTests2 -  ********** Starting of User Creation 
17:43:45 684[main] INFO  api.test.UserTests2 -  User Creation completed
17:43:45 695[main] INFO  api.test.UserTests2 -  Getting user details by User Name
17:43:46 787[main] INFO  api.test.UserTests2 -  Getting user details by User Name completed
17:43:46 788[main] INFO  api.test.UserTests2 -  Updating user details by User Name
17:43:49 026[main] INFO  api.test.UserTests2 -  user is updated
17:43:49 027[main] INFO  api.test.UserTests2 -  Deleting user details by User Name
17:43:51 586[main] INFO  api.test.UserTests2 -  User is deleted
18:01:41 285[main] INFO  api.test.UserTests2 -  ********** Starting of User Creation 
18:01:45 476[main] INFO  api.test.UserTests2 -  User Creation completed
18:01:45 506[main] INFO  api.test.UserTests2 -  Getting user details by User Name
18:01:46 754[main] INFO  api.test.UserTests2 -  Getting user details by User Name completed
18:01:46 756[main] INFO  api.test.UserTests2 -  Updating user details by User Name
18:01:48 951[main] INFO  api.test.UserTests2 -  user is updated
18:01:48 952[main] INFO  api.test.UserTests2 -  Deleting user details by User Name
18:01:51 118[main] INFO  api.test.UserTests2 -  User is deleted
18:02:18 459[main] INFO  api.test.UserTests2 -  ********** Starting of User Creation 
18:02:21 538[main] INFO  api.test.UserTests2 -  User Creation completed
18:02:21 550[main] INFO  api.test.UserTests2 -  Getting user details by User Name
18:02:23 731[main] INFO  api.test.UserTests2 -  Getting user details by User Name completed
18:02:23 738[main] INFO  api.test.UserTests2 -  Updating user details by User Name
18:02:25 975[main] INFO  api.test.UserTests2 -  user is updated
18:02:25 981[main] INFO  api.test.UserTests2 -  Deleting user details by User Name
18:02:28 251[main] INFO  api.test.UserTests2 -  User is deleted
